0 info it worked if it ends with ok
1 verbose cli [ 'F:\\node\\node.exe',
1 verbose cli   'F:\\node\\node_modules\\npm\\bin\\npm-cli.js',
1 verbose cli   'install',
1 verbose cli   '--save',
1 verbose cli   'react-router' ]
2 info using npm@3.6.0
3 info using node@v5.7.0
4 silly loadCurrentTree Starting
5 silly install loadCurrentTree
6 silly install readLocalPackageData
7 silly fetchPackageMetaData react-router
8 silly fetchNamedPackageData react-router
9 silly mapToRegistry name react-router
10 silly mapToRegistry using default registry
11 silly mapToRegistry registry https://registry.npmjs.org/
12 silly mapToRegistry uri https://registry.npmjs.org/react-router
13 verbose request uri https://registry.npmjs.org/react-router
14 verbose request no auth needed
15 info attempt registry request try #1 at 11:47:52
16 verbose request id cca6a71ee566db2a
17 http request GET https://registry.npmjs.org/react-router
18 http 200 https://registry.npmjs.org/react-router
19 verbose headers { server: 'CouchDB/1.5.0 (Erlang OTP/R16B03)',
19 verbose headers   etag: '"9UKO3OTQS1ZYA7OFFB7C97PTY"',
19 verbose headers   'content-type': 'application/json',
19 verbose headers   'cache-control': 'max-age=300',
19 verbose headers   'content-length': '125836',
19 verbose headers   'accept-ranges': 'bytes',
19 verbose headers   date: 'Mon, 28 Mar 2016 03:47:55 GMT',
19 verbose headers   via: '1.1 varnish',
19 verbose headers   age: '200',
19 verbose headers   connection: 'keep-alive',
19 verbose headers   'x-served-by': 'cache-nrt6127-NRT',
19 verbose headers   'x-cache': 'HIT',
19 verbose headers   'x-cache-hits': '2',
19 verbose headers   'x-timer': 'S1459136875.587814,VS0,VE0',
19 verbose headers   vary: 'Accept' }
20 silly get cb [ 200,
20 silly get   { server: 'CouchDB/1.5.0 (Erlang OTP/R16B03)',
20 silly get     etag: '"9UKO3OTQS1ZYA7OFFB7C97PTY"',
20 silly get     'content-type': 'application/json',
20 silly get     'cache-control': 'max-age=300',
20 silly get     'content-length': '125836',
20 silly get     'accept-ranges': 'bytes',
20 silly get     date: 'Mon, 28 Mar 2016 03:47:55 GMT',
20 silly get     via: '1.1 varnish',
20 silly get     age: '200',
20 silly get     connection: 'keep-alive',
20 silly get     'x-served-by': 'cache-nrt6127-NRT',
20 silly get     'x-cache': 'HIT',
20 silly get     'x-cache-hits': '2',
20 silly get     'x-timer': 'S1459136875.587814,VS0,VE0',
20 silly get     vary: 'Accept' } ]
21 verbose get saving react-router to C:\Users\admin\AppData\Roaming\npm-cache\registry.npmjs.org\react-router\.cache.json
22 verbose correctMkdir C:\Users\admin\AppData\Roaming\npm-cache correctMkdir not in flight; initializing
23 silly install normalizeTree
24 silly loadCurrentTree Finishing
25 silly loadIdealTree Starting
26 silly install loadIdealTree
27 silly cloneCurrentTree Starting
28 silly install cloneCurrentTreeToIdealTree
29 silly cloneCurrentTree Finishing
30 silly loadShrinkwrap Starting
31 silly install loadShrinkwrap
32 silly loadShrinkwrap Finishing
33 silly loadAllDepsIntoIdealTree Starting
34 silly install loadAllDepsIntoIdealTree
35 silly rollbackFailedOptional Starting
36 silly rollbackFailedOptional Finishing
37 silly runTopLevelLifecycles Starting
38 silly runTopLevelLifecycles Finishing
39 silly install printInstalled
40 verbose stack Error: Refusing to install react-router as a dependency of itself
40 verbose stack     at checkSelf (F:\node\node_modules\npm\lib\install\validate-args.js:53:14)
40 verbose stack     at Array.<anonymous> (F:\node\node_modules\npm\node_modules\slide\lib\bind-actor.js:15:8)
40 verbose stack     at LOOP (F:\node\node_modules\npm\node_modules\slide\lib\chain.js:15:14)
40 verbose stack     at chain (F:\node\node_modules\npm\node_modules\slide\lib\chain.js:20:5)
40 verbose stack     at F:\node\node_modules\npm\lib\install\validate-args.js:16:5
40 verbose stack     at F:\node\node_modules\npm\node_modules\slide\lib\async-map.js:52:35
40 verbose stack     at Array.forEach (native)
40 verbose stack     at F:\node\node_modules\npm\node_modules\slide\lib\async-map.js:52:11
40 verbose stack     at Array.forEach (native)
40 verbose stack     at asyncMap (F:\node\node_modules\npm\node_modules\slide\lib\async-map.js:51:8)
41 verbose cwd E:\DXY\react-webpack\react-router
42 error Windows_NT 10.0.10586
43 error argv "F:\\node\\node.exe" "F:\\node\\node_modules\\npm\\bin\\npm-cli.js" "install" "--save" "react-router"
44 error node v5.7.0
45 error npm  v3.6.0
46 error code ENOSELF
47 error Refusing to install react-router as a dependency of itself
48 error If you need help, you may report this error at:
48 error     <https://github.com/npm/npm/issues>
49 verbose exit [ 1, true ]
